Arguments: 
  C:\Program Files\nodejs\node.exe C:\Users\migue\AppData\Roaming\npm\node_modules\yarn\bin\yarn.js add global npm

PATH: 
  C:\Program Files (x86)\Common Files\Oracle\Java\javapath;C:\Program Files (x86)\Intel\Intel(R) Management Engine Components\iCLS\;C:\Program Files\Intel\Intel(R) Management Engine Components\iCLS\;C:\Python27\;C:\Python27\Scripts;C:\Program Files (x86)\Python37-32\Scripts\;C:\Program Files (x86)\Python37-32\;C:\Windows\system32;C:\Windows;C:\Windows\System32\Wbem;C:\Windows\System32\WindowsPowerShell\v1.0\;C:\WINDOWS\system32;C:\WINDOWS;C:\WINDOWS\System32\Wbem;C:\WINDOWS\System32\WindowsPowerShell\v1.0\;C:\WINDOWS\System32\OpenSSH\;C:\Program Files (x86);C:\Program Files (x86)\;C:\xampp;C:\xampp\htdocs;C:\xampp\htdocs\PyAfipWs;C:\Users\canavesio h\AppData\Roaming\Python\Python37\Scripts;C:\PyAfipWs;C:\Python27;C:\Program Files\OpenSSL-Win64;C:\openssl;C:\Program Files (x86)\Tesseract-OCR;C:\Program Files (x86)\AOMEI Backupper;C:\Program Files (x86)\ExchangeMapi\;C:\Program Files (x86)\QuickTime\QTSystem\;C:\Program Files (x86)\Intel\Intel(R) Management Engine Components\DAL;C:\Program Files\Intel\Intel(R) Management Engine Components\DAL;C:\Program Files (x86)\Intel\Intel(R) Management Engine Components\IPT;C:\Program Files\Intel\Intel(R) Management Engine Components\IPT;C:\Program Files\TortoiseHg\;C:\Program Files\NVIDIA Corporation\NVIDIA NvDLISR;C:\Program Files (x86)\NVIDIA Corporation\PhysX\Common;C:\Program Files\Git\cmd;C:\Program Files\dotnet\;C:\Program Files\Microsoft SQL Server\Client SDK\ODBC\170\Tools\Binn\;C:\Program Files (x86)\Microsoft SQL Server\150\Tools\Binn\;C:\Program Files\Microsoft SQL Server\150\Tools\Binn\;C:\Program Files\Microsoft SQL Server\150\DTS\Binn\;C:\Program Files (x86)\Microsoft SQL Server\150\DTS\Binn\;C:\Program Files\Azure Data Studio\bin;C:\Program Files\Microsoft SQL Server\130\Tools\Binn\;C:\xampp2\php;C:\ProgramData\ComposerSetup\bin;C:\xampp\php;C:\xampp5\mysql\bin;C:\Program Files\Docker\Docker\resources\bin;C:\ProgramData\DockerDesktop\version-bin;%NVM_HOME%;%NVM_SYMLINK%;C:\Users\migue\AppData\Local\Microsoft\WindowsApps;C:\Program Files (x86)\FAHClient;C:\Users\migue\AppData\Local\atom\bin;C:\Users\migue\AppData\Local\Programs\Microsoft VS Code\bin;C:\ADB and Fastboot Motorola\MAF32.exe;C:\Users\migue\AppData\Local\Android\Sdk\platform-tools;C:\Program Files\Java\jre1.8.0_261\bin;C:\Program Files\heroku\bin;C:\Users\migue\.dotnet\tools;C:\Users\migue\AppData\Roaming\Composer\vendor\bin;C:\Program Files (x86)\Ardesia\bin;C:\Users\migue\AppData\Roaming\npm;C:\Users\migue\AppData\Roaming\nvm;C:\Program Files\nodejs

Yarn version: 
  1.22.10

Node version: 
  19.4.0

Platform: 
  win32 x64

Trace: 
  Error: EEXIST: file already exists, mkdir 'G:\_JAVASCRIPT\minimal-chat-socket-io-docker\node_modules\@babel\cli\node_modules'

npm manifest: 
  {
    "name": "minimal-chat-socket-io",
    "version": "1.0.0",
    "description": "Diseñando en VanillaJS.",
    "main": "index.js",
    "scripts": {
      "start": "nodemon src/index.js --exec babel-node",
      "build": "babel src/index.js -d dist"
    },
    "repository": {
      "type": "git",
      "url": "git+https://github.com/wmigue/minimal-chat-socket-io-and-node.git"
    },
    "author": "",
    "license": "ISC",
    "bugs": {
      "url": "https://github.com/wmigue/minimal-chat-socket-io-and-node/issues"
    },
    "homepage": "https://github.com/wmigue/minimal-chat-socket-io-and-node#readme",
    "dependencies": {
      "babel-node": "0.0.1-security",
      "express": "^4.18.2",
      "socket.io": "^4.5.4"
    },
    "devDependencies": {
      "@babel/cli": "^7.20.7",
      "@babel/core": "^7.20.12",
      "@babel/node": "^7.20.7",
      "@babel/preset-env": "^7.20.2",
      "nodemon": "^2.0.20"
    }
  }

yarn manifest: 
  No manifest

Lockfile: 
  No lockfile
